Creating new instance
Connecting to broker
Sending status
Connected with result code 0
Subscribing to topic homeassistant/button/piz/rtsp/set
Message received: on
Starting raspivid
Starting service
Started successfully
Sending status
Sending status
Sending status
Sending status
Sending status
Sending status
Sending status
Sending status
Sending status
Sending status
Sending status
Sending status
Sending status
Sending status
Sending status
Sending status
Sending status
Sending status
Sending status
Sending status
Sending status
Sending status
Sending status
Sending status
Sending status
Sending status
Sending status
Sending status
Sending status
Sending status
Sending status
Sending status
Sending status
Sending status
Sending status
Sending status
Sending status
Sending status
Sending status
Sending status
Sending status
Sending status
Sending status
Sending status
